# JRE version: Java(TM) SE Runtime Environment (7.0_79-b15) (build 1.7.0_79-b15)
# Java VM: Java HotSpot(TM) 64-Bit Server VM (24.79-b02 mixed mode bsd-amd64 compressed oops)
Heap
 PSYoungGen      total 745472K, used 29776K [0x00000007caa80000, 0x0000000800000000, 0x0000000800000000)
  eden space 681472K, 3% used [0x00000007caa80000,0x00000007cc44c118,0x00000007f4400000)
  from space 64000K, 5% used [0x00000007f4400000,0x00000007f4748000,0x00000007f8280000)
  to   space 64512K, 0% used [0x00000007fc100000,0x00000007fc100000,0x0000000800000000)
 ParOldGen       total 184832K, used 133789K [0x0000000760000000, 0x000000076b480000, 0x00000007caa80000)
  object space 184832K, 72% used [0x0000000760000000,0x00000007682a77f0,0x000000076b480000)
 PSPermGen       total 41472K, used 41008K [0x000000075ae00000, 0x000000075d680000, 0x0000000760000000)
  object space 41472K, 98% used [0x000000075ae00000,0x000000075d60c370,0x000000075d680000)
GC Heap History (10 events):
Event: 8.162 GC heap before
{Heap before GC invocations=10 (full 0):
 PSYoungGen      total 358400K, used 358381K [0x00000007caa80000, 0x00000007f0a00000, 0x0000000800000000)
  eden space 326656K, 100% used [0x00000007caa80000,0x00000007de980000,0x00000007de980000)
  from space 31744K, 99% used [0x00000007de980000,0x00000007e087b630,0x00000007e0880000)
  to   space 49664K, 0% used [0x00000007ed980000,0x00000007ed980000,0x00000007f0a00000)
 ParOldGen       total 109056K, used 76722K [0x0000000760000000, 0x0000000766a80000, 0x00000007caa80000)
  object space 109056K, 70% used [0x0000000760000000,0x0000000764aeca00,0x0000000766a80000)
 PSPermGen       total 21504K, used 14534K [0x000000075ae00000, 0x000000075c300000, 0x0000000760000000)
  object space 21504K, 67% used [0x000000075ae00000,0x000000075bc318f0,0x000000075c300000)
Event: 8.241 GC heap after
Heap after GC invocations=10 (full 0):
 PSYoungGen      total 557056K, used 49657K [0x00000007caa80000, 0x00000007f2800000, 0x0000000800000000)
  eden space 507392K, 0% used [0x00000007caa80000,0x00000007caa80000,0x00000007e9a00000)
  from space 49664K, 99% used [0x00000007ed980000,0x00000007f09fe5d0,0x00000007f0a00000)
  to   space 65024K, 0% used [0x00000007e9a00000,0x00000007e9a00000,0x00000007ed980000)
 ParOldGen       total 109056K, used 98313K [0x0000000760000000, 0x0000000766a80000, 0x00000007caa80000)
  object space 109056K, 90% used [0x0000000760000000,0x00000007660025a0,0x0000000766a80000)
 PSPermGen       total 21504K, used 14534K [0x000000075ae00000, 0x000000075c300000, 0x0000000760000000)
  object space 21504K, 67% used [0x000000075ae00000,0x000000075bc318f0,0x000000075c300000)
}
Event: 8.241 GC heap before
{Heap before GC invocations=11 (full 1):
 PSYoungGen      total 557056K, used 49657K [0x00000007caa80000, 0x00000007f2800000, 0x0000000800000000)
  eden space 507392K, 0% used [0x00000007caa80000,0x00000007caa80000,0x00000007e9a00000)
  from space 49664K, 99% used [0x00000007ed980000,0x00000007f09fe5d0,0x00000007f0a00000)
  to   space 65024K, 0% used [0x00000007e9a00000,0x00000007e9a00000,0x00000007ed980000)
 ParOldGen       total 109056K, used 98313K [0x0000000760000000, 0x0000000766a80000, 0x00000007caa80000)
  object space 109056K, 90% used [0x0000000760000000,0x00000007660025a0,0x0000000766a80000)
 PSPermGen       total 21504K, used 14534K [0x000000075ae00000, 0x000000075c300000, 0x0000000760000000)
  object space 21504K, 67% used [0x000000075ae00000,0x000000075bc318f0,0x000000075c300000)
Event: 8.417 GC heap after
Heap after GC invocations=11 (full 1):
 PSYoungGen      total 557056K, used 0K [0x00000007caa80000, 0x00000007f2800000, 0x0000000800000000)
  eden space 507392K, 0% used [0x00000007caa80000,0x00000007caa80000,0x00000007e9a00000)
  from space 49664K, 0% used [0x00000007ed980000,0x00000007ed980000,0x00000007f0a00000)
  to   space 65024K, 0% used [0x00000007e9a00000,0x00000007e9a00000,0x00000007ed980000)
 ParOldGen       total 184832K, used 102746K [0x0000000760000000, 0x000000076b480000, 0x00000007caa80000)
  object space 184832K, 55% used [0x0000000760000000,0x0000000766456b00,0x000000076b480000)
 PSPermGen       total 29184K, used 14529K [0x000000075ae00000, 0x000000075ca80000, 0x0000000760000000)
  object space 29184K, 49% used [0x000000075ae00000,0x000000075bc306f8,0x000000075ca80000)
}
Event: 12.985 GC heap before
{Heap before GC invocations=12 (full 1):
 PSYoungGen      total 557056K, used 507392K [0x00000007caa80000, 0x00000007f2800000, 0x0000000800000000)
  eden space 507392K, 100% used [0x00000007caa80000,0x00000007e9a00000,0x00000007e9a00000)
  from space 49664K, 0% used [0x00000007ed980000,0x00000007ed980000,0x00000007f0a00000)
  to   space 65024K, 0% used [0x00000007e9a00000,0x00000007e9a00000,0x00000007ed980000)
 ParOldGen       total 184832K, used 102746K [0x0000000760000000, 0x000000076b480000, 0x00000007caa80000)
  object space 184832K, 55% used [0x0000000760000000,0x0000000766456b00,0x000000076b480000)
 PSPermGen       total 34304K, used 34087K [0x000000075ae00000, 0x000000075cf80000, 0x0000000760000000)
  object space 34304K, 99% used [0x000000075ae00000,0x000000075cf49fc0,0x000000075cf80000)
Event: 13.025 GC heap after
Heap after GC invocations=12 (full 1):
 PSYoungGen      total 572416K, used 42623K [0x00000007caa80000, 0x00000007fda00000, 0x0000000800000000)
  eden space 507392K, 0% used [0x00000007caa80000,0x00000007caa80000,0x00000007e9a00000)
  from space 65024K, 65% used [0x00000007e9a00000,0x00000007ec39fcf8,0x00000007ed980000)
  to   space 67072K, 0% used [0x00000007f9880000,0x00000007f9880000,0x00000007fda00000)
 ParOldGen       total 184832K, used 102754K [0x0000000760000000, 0x000000076b480000, 0x00000007caa80000)
  object space 184832K, 55% used [0x0000000760000000,0x0000000766458b00,0x000000076b480000)
 PSPermGen       total 34304K, used 34087K [0x000000075ae00000, 0x000000075cf80000, 0x0000000760000000)
  object space 34304K, 99% used [0x000000075ae00000,0x000000075cf49fc0,0x000000075cf80000)
}
Event: 31.368 GC heap before
{Heap before GC invocations=13 (full 1):
 PSYoungGen      total 572416K, used 550015K [0x00000007caa80000, 0x00000007fda00000, 0x0000000800000000)
  eden space 507392K, 100% used [0x00000007caa80000,0x00000007e9a00000,0x00000007e9a00000)
  from space 65024K, 65% used [0x00000007e9a00000,0x00000007ec39fcf8,0x00000007ed980000)
  to   space 67072K, 0% used [0x00000007f9880000,0x00000007f9880000,0x00000007fda00000)
 ParOldGen       total 184832K, used 102754K [0x0000000760000000, 0x000000076b480000, 0x00000007caa80000)
  object space 184832K, 55% used [0x0000000760000000,0x0000000766458b00,0x000000076b480000)
 PSPermGen       total 38400K, used 38294K [0x000000075ae00000, 0x000000075d380000, 0x0000000760000000)
  object space 38400K, 99% used [0x000000075ae00000,0x000000075d365b88,0x000000075d380000)
Event: 31.423 GC heap after
Heap after GC invocations=13 (full 1):
 PSYoungGen      total 722944K, used 29711K [0x00000007caa80000, 0x00000007fc100000, 0x0000000800000000)
  eden space 681472K, 0% used [0x00000007caa80000,0x00000007caa80000,0x00000007f4400000)
  from space 41472K, 71% used [0x00000007f9880000,0x00000007fb583f90,0x00000007fc100000)
  to   space 64000K, 0% used [0x00000007f4400000,0x00000007f4400000,0x00000007f8280000)
 ParOldGen       total 184832K, used 122607K [0x0000000760000000, 0x000000076b480000, 0x00000007caa80000)
  object space 184832K, 66% used [0x0000000760000000,0x00000007677bbdf8,0x000000076b480000)
 PSPermGen       total 38400K, used 38294K [0x000000075ae00000, 0x000000075d380000, 0x0000000760000000)
  object space 38400K, 99% used [0x000000075ae00000,0x000000075d365b88,0x000000075d380000)
}
Event: 51.826 GC heap before
{Heap before GC invocations=14 (full 1):
 PSYoungGen      total 722944K, used 711183K [0x00000007caa80000, 0x00000007fc100000, 0x0000000800000000)
  eden space 681472K, 100% used [0x00000007caa80000,0x00000007f4400000,0x00000007f4400000)
  from space 41472K, 71% used [0x00000007f9880000,0x00000007fb583f90,0x00000007fc100000)
  to   space 64000K, 0% used [0x00000007f4400000,0x00000007f4400000,0x00000007f8280000)
 ParOldGen       total 184832K, used 122607K [0x0000000760000000, 0x000000076b480000, 0x00000007caa80000)
  object space 184832K, 66% used [0x0000000760000000,0x00000007677bbdf8,0x000000076b480000)
 PSPermGen       total 39936K, used 39671K [0x000000075ae00000, 0x000000075d500000, 0x0000000760000000)
  object space 39936K, 99% used [0x000000075ae00000,0x000000075d4bdeb8,0x000000075d500000)
Event: 51.852 GC heap after
Heap after GC invocations=14 (full 1):
 PSYoungGen      total 745472K, used 3360K [0x00000007caa80000, 0x0000000800000000, 0x0000000800000000)
  eden space 681472K, 0% used [0x00000007caa80000,0x00000007caa80000,0x00000007f4400000)
  from space 64000K, 5% used [0x00000007f4400000,0x00000007f4748000,0x00000007f8280000)
  to   space 64512K, 0% used [0x00000007fc100000,0x00000007fc100000,0x0000000800000000)
 ParOldGen       total 184832K, used 133789K [0x0000000760000000, 0x000000076b480000, 0x00000007caa80000)
  object space 184832K, 72% used [0x0000000760000000,0x00000007682a77f0,0x000000076b480000)
 PSPermGen       total 39936K, used 39671K [0x000000075ae00000, 0x000000075d500000, 0x0000000760000000)
  object space 39936K, 99% used [0x000000075ae00000,0x000000075d4bdeb8,0x000000075d500000)
}

